# Time   mAh   V      A     TempE TempI C1    C2    C3    C4    C5    C6
  0.2    439   8.001 1.502 0     32    0.000 0.000 0.000 0.000 0.000 0.000
  0.3    439   8.001 1.502 0     32    0.000 0.000 0.000 0.000 0.000 0.000
  0.5    439   8.001 1.502 0     32    0.000 0.000 0.000 0.000 0.000 0.000
  0.7    439   8.001 1.502 0     32    0.000 0.000 0.000 0.000 0.000 0.000
  0.8    439   8.001 1.502 0     32    0.000 0.000 0.000 0.000 0.000 0.000
  1.0    439   8.001 1.502 0     32    0.000 0.000 0.000 0.000 0.000 0.000
  1.1    439   8.001 1.502 0     32    0.000 0.000 0.000 0.000 0.000 0.000
  1.3    439   8.001 1.502 0     32    0.000 0.000 0.000 0.000 0.000 0.000
  1.5    439   8.001 1.502 0     32    0.000 0.000 0.000 0.000 0.000 0.000
  1.6    439   8.001 1.502 0     32    0.000 0.000 0.000 0.000 0.000 0.000
  1.8    440   8.002 1.501 0     32    0.000 0.000 0.000 0.000 0.000 0.000
  1.9    440   8.002 1.501 0     32    0.000 0.000 0.000 0.000 0.000 0.000
  2.1    440   8.002 1.501 0     32    0.000 0.000 0.000 0.000 0.000 0.000
  2.3    440   8.002 1.501 0     32    0.000 0.000 0.000 0.000 0.000 0.000
  2.4    440   8.002 1.501 0     32    0.000 0.000 0.000 0.000 0.000 0.000
  2.6    440   8.002 1.501 0     32    0.000 0.000 0.000 0.000 0.000 0.000
  2.7    440   8.002 1.502 0     32    0.000 0.000 0.000 0.000 0.000 0.000
  2.9    440   8.002 1.502 0     32    0.000 0.000 0.000 0.000 0.000 0.000
  3.1    440   8.002 1.502 0     32    0.000 0.000 0.000 0.000 0.000 0.000
  3.2    440   8.002 1.502 0     32    0.000 0.000 0.000 0.000 0.000 0.000
  3.4    440   8.002 1.502 0     32    0.000 0.000 0.000 0.000 0.000 0.000
  3.5    440   8.002 1.502 0     32    0.000 0.000 0.000 0.000 0.000 0.000
  3.7    440   8.002 1.502 0     32    0.000 0.000 0.000 0.000 0.000 0.000
  3.9    441   8.002 1.502 0     32    0.000 0.000 0.000 0.000 0.000 0.000
  4.0    441   8.002 1.502 0     32    0.000 0.000 0.000 0.000 0.000 0.000
  4.2    441   8.002 1.502 0     32    0.000 0.000 0.000 0.000 0.000 0.000
  4.3    441   8.002 1.502 0     32    0.000 0.000 0.000 0.000 0.000 0.000
  4.5    441   8.002 1.502 0     32    0.000 0.000 0.000 0.000 0.000 0.000
  4.7    441   8.002 1.502 0     32    0.000 0.000 0.000 0.000 0.000 0.000
  4.8    441   8.002 1.500 0     32    0.000 0.000 0.000 0.000 0.000 0.000
  5.0    441   8.002 1.500 0     32    0.000 0.000 0.000 0.000 0.000 0.000
  5.1    441   8.002 1.500 0     32    0.000 0.000 0.000 0.000 0.000 0.000
  5.3    441   8.002 1.500 0     32    0.000 0.000 0.000 0.000 0.000 0.000
  5.5    441   8.002 1.500 0     32    0.000 0.000 0.000 0.000 0.000 0.000
  5.6    441   8.002 1.500 0     32    0.000 0.000 0.000 0.000 0.000 0.000
  5.8    441   8.003 1.501 0     32    0.000 0.000 0.000 0.000 0.000 0.000
  5.9    441   8.003 1.501 0     32    0.000 0.000 0.000 0.000 0.000 0.000
  6.1    441   8.003 1.501 0     32    0.000 0.000 0.000 0.000 0.000 0.000
  6.3    441   8.003 1.501 0     32    0.000 0.000 0.000 0.000 0.000 0.000
  6.4    441   8.003 1.501 0     32    0.000 0.000 0.000 0.000 0.000 0.000
  6.6    441   8.003 1.501 0     32    0.000 0.000 0.000 0.000 0.000 0.000
  6.7    442   8.003 1.501 0     32    0.000 0.000 0.000 0.000 0.000 0.000
  6.9    442   8.003 1.501 0     32    0.000 0.000 0.000 0.000 0.000 0.000
  7.1    442   8.003 1.501 0     32    0.000 0.000 0.000 0.000 0.000 0.000
  7.2    442   8.003 1.501 0     32    0.000 0.000 0.000 0.000 0.000 0.000
  7.4    442   8.003 1.501 0     32    0.000 0.000 0.000 0.000 0.000 0.000
  7.5    442   8.003 1.501 0     32    0.000 0.000 0.000 0.000 0.000 0.000
  7.7    442   8.003 1.501 0     32    0.000 0.000 0.000 0.000 0.000 0.000
  7.9    442   8.003 1.501 0     32    0.000 0.000 0.000 0.000 0.000 0.000
  8.0    442   8.003 1.501 0     32    0.000 0.000 0.000 0.000 0.000 0.000
  8.2    442   8.003 1.501 0     32    0.000 0.000 0.000 0.000 0.000 0.000
  8.3    442   8.003 1.501 0     32    0.000 0.000 0.000 0.000 0.000 0.000
  8.5    442   8.003 1.501 0     32    0.000 0.000 0.000 0.000 0.000 0.000
  8.7    442   8.003 1.501 0     32    0.000 0.000 0.000 0.000 0.000 0.000
  8.8    443   8.004 1.501 0     32    0.000 0.000 0.000 0.000 0.000 0.000
  9.0    443   8.004 1.501 0     32    0.000 0.000 0.000 0.000 0.000 0.000
  9.1    443   8.004 1.501 0     32    0.000 0.000 0.000 0.000 0.000 0.000
  9.3    443   8.004 1.501 0     32    0.000 0.000 0.000 0.000 0.000 0.000
  9.5    443   8.004 1.501 0     32    0.000 0.000 0.000 0.000 0.000 0.000
  9.6    443   8.004 1.501 0     32    0.000 0.000 0.000 0.000 0.000 0.000
  9.8    443   8.005 1.502 0     32    0.000 0.000 0.000 0.000 0.000 0.000
  9.9    443   8.005 1.502 0     32    0.000 0.000 0.000 0.000 0.000 0.000
  10.1   443   8.005 1.502 0     32    0.000 0.000 0.000 0.000 0.000 0.000
  10.3   443   8.005 1.502 0     32    0.000 0.000 0.000 0.000 0.000 0.000
  10.4   443   8.005 1.502 0     32    0.000 0.000 0.000 0.000 0.000 0.000
  10.6   443   8.005 1.502 0     32    0.000 0.000 0.000 0.000 0.000 0.000
  10.8   444   8.006 1.502 0     32    0.000 0.000 0.000 0.000 0.000 0.000
  11.0   444   8.006 1.502 0     32    0.000 0.000 0.000 0.000 0.000 0.000
  11.2   444   8.006 1.502 0     32    0.000 0.000 0.000 0.000 0.000 0.000
  11.3   444   8.006 1.502 0     32    0.000 0.000 0.000 0.000 0.000 0.000
  11.5   444   8.006 1.502 0     32    0.000 0.000 0.000 0.000 0.000 0.000
  11.7   444   8.006 1.502 0     32    0.000 0.000 0.000 0.000 0.000 0.000
  11.8   444   8.007 1.500 0     32    0.000 0.000 0.000 0.000 0.000 0.000
  12.0   444   8.007 1.500 0     32    0.000 0.000 0.000 0.000 0.000 0.000
  12.2   444   8.007 1.500 0     32    0.000 0.000 0.000 0.000 0.000 0.000
  12.3   444   8.007 1.500 0     32    0.000 0.000 0.000 0.000 0.000 0.000
  12.5   444   8.007 1.500 0     32    0.000 0.000 0.000 0.000 0.000 0.000
  12.7   444   8.007 1.500 0     32    0.000 0.000 0.000 0.000 0.000 0.000
  12.8   444   8.007 1.501 0     32    0.000 0.000 0.000 0.000 0.000 0.000
  13.0   444   8.007 1.501 0     32    0.000 0.000 0.000 0.000 0.000 0.000
  13.2   444   8.007 1.501 0     32    0.000 0.000 0.000 0.000 0.000 0.000
  13.3   444   8.007 1.501 0     32    0.000 0.000 0.000 0.000 0.000 0.000
  13.5   444   8.007 1.501 0     32    0.000 0.000 0.000 0.000 0.000 0.000
  13.6   444   8.007 1.501 0     32    0.000 0.000 0.000 0.000 0.000 0.000
  13.8   445   8.007 1.501 0     32    0.000 0.000 0.000 0.000 0.000 0.000
  14.0   445   8.007 1.501 0     32    0.000 0.000 0.000 0.000 0.000 0.000
  14.1   445   8.007 1.501 0     32    0.000 0.000 0.000 0.000 0.000 0.000
  14.3   445   8.007 1.501 0     32    0.000 0.000 0.000 0.000 0.000 0.000
  14.4   445   8.007 1.501 0     32    0.000 0.000 0.000 0.000 0.000 0.000
  14.6   445   8.007 1.501 0     32    0.000 0.000 0.000 0.000 0.000 0.000
  14.8   445   8.008 1.500 0     32    0.000 0.000 0.000 0.000 0.000 0.000
  14.9   445   8.008 1.500 0     32    0.000 0.000 0.000 0.000 0.000 0.000
  15.1   445   8.008 1.500 0     32    0.000 0.000 0.000 0.000 0.000 0.000
  15.2   445   8.008 1.500 0     32    0.000 0.000 0.000 0.000 0.000 0.000
  15.4   445   8.008 1.500 0     32    0.000 0.000 0.000 0.000 0.000 0.000
  15.6   445   8.008 1.500 0     32    0.000 0.000 0.000 0.000 0.000 0.000
  15.7   445   8.008 1.500 0     32    0.000 0.000 0.000 0.000 0.000 0.000
  15.9   446   8.008 1.501 0     32    0.000 0.000 0.000 0.000 0.000 0.000
  16.0   446   8.008 1.501 0     32    0.000 0.000 0.000 0.000 0.000 0.000
  16.2   446   8.008 1.501 0     32    0.000 0.000 0.000 0.000 0.000 0.000
  16.4   446   8.008 1.501 0     32    0.000 0.000 0.000 0.000 0.000 0.000
  16.5   446   8.008 1.501 0     32    0.000 0.000 0.000 0.000 0.000 0.000
  16.7   446   8.008 1.501 0     32    0.000 0.000 0.000 0.000 0.000 0.000
  16.8   446   8.008 1.500 0     32    0.000 0.000 0.000 0.000 0.000 0.000
  17.0   446   8.008 1.500 0     32    0.000 0.000 0.000 0.000 0.000 0.000
  17.2   446   8.008 1.500 0     32    0.000 0.000 0.000 0.000 0.000 0.000
  17.3   446   8.008 1.500 0     32    0.000 0.000 0.000 0.000 0.000 0.000
  17.5   446   8.008 1.500 0     32    0.000 0.000 0.000 0.000 0.000 0.000
  17.6   446   8.008 1.500 0     32    0.000 0.000 0.000 0.000 0.000 0.000
  17.8   446   8.008 1.501 0     32    0.000 0.000 0.000 0.000 0.000 0.000
  18.0   446   8.008 1.501 0     32    0.000 0.000 0.000 0.000 0.000 0.000
  18.1   446   8.008 1.501 0     32    0.000 0.000 0.000 0.000 0.000 0.000
  18.3   446   8.008 1.501 0     32    0.000 0.000 0.000 0.000 0.000 0.000
  18.4   446   8.008 1.501 0     32    0.000 0.000 0.000 0.000 0.000 0.000
  18.6   446   8.008 1.501 0     32    0.000 0.000 0.000 0.000 0.000 0.000
  18.8   447   8.008 1.501 0     32    0.000 0.000 0.000 0.000 0.000 0.000
  19.0   447   8.008 1.501 0     32    0.000 0.000 0.000 0.000 0.000 0.000
  19.1   447   8.008 1.501 0     32    0.000 0.000 0.000 0.000 0.000 0.000
  19.3   447   8.008 1.501 0     32    0.000 0.000 0.000 0.000 0.000 0.000
  19.5   447   8.008 1.501 0     32    0.000 0.000 0.000 0.000 0.000 0.000
  19.6   447   8.008 1.501 0     32    0.000 0.000 0.000 0.000 0.000 0.000
  19.8   447   8.008 1.501 0     32    0.000 0.000 0.000 0.000 0.000 0.000
  20.0   447   8.008 1.501 0     32    0.000 0.000 0.000 0.000 0.000 0.000
  20.2   447   8.008 1.501 0     32    0.000 0.000 0.000 0.000 0.000 0.000
  20.3   447   8.008 1.501 0     32    0.000 0.000 0.000 0.000 0.000 0.000
  20.5   447   8.008 1.501 0     32    0.000 0.000 0.000 0.000 0.000 0.000
  20.6   447   8.008 1.501 0     32    0.000 0.000 0.000 0.000 0.000 0.000
  20.8   448   8.008 1.500 0     32    0.000 0.000 0.000 0.000 0.000 0.000
  21.0   448   8.008 1.500 0     32    0.000 0.000 0.000 0.000 0.000 0.000
  21.1   448   8.008 1.500 0     32    0.000 0.000 0.000 0.000 0.000 0.000
  21.3   448   8.008 1.500 0     32    0.000 0.000 0.000 0.000 0.000 0.000
  21.4   448   8.008 1.500 0     32    0.000 0.000 0.000 0.000 0.000 0.000
  21.6   448   8.008 1.500 0     32    0.000 0.000 0.000 0.000 0.000 0.000
  21.8   448   8.009 1.501 0     32    0.000 0.000 0.000 0.000 0.000 0.000
  21.9   448   8.009 1.501 0     32    0.000 0.000 0.000 0.000 0.000 0.000
  22.1   448   8.009 1.501 0     32    0.000 0.000 0.000 0.000 0.000 0.000
  22.2   448   8.009 1.501 0     32    0.000 0.000 0.000 0.000 0.000 0.000
  22.4   448   8.009 1.501 0     32    0.000 0.000 0.000 0.000 0.000 0.000
  22.6   448   8.009 1.501 0     32    0.000 0.000 0.000 0.000 0.000 0.000
  22.7   448   8.009 1.501 0     32    0.000 0.000 0.000 0.000 0.000 0.000
  22.9   449   8.009 1.501 0     32    0.000 0.000 0.000 0.000 0.000 0.000
  23.0   449   8.009 1.501 0     32    0.000 0.000 0.000 0.000 0.000 0.000
  23.2   449   8.009 1.501 0     32    0.000 0.000 0.000 0.000 0.000 0.000
  23.4   449   8.009 1.501 0     32    0.000 0.000 0.000 0.000 0.000 0.000
  23.5   449   8.009 1.501 0     32    0.000 0.000 0.000 0.000 0.000 0.000
  23.7   449   8.009 1.501 0     32    0.000 0.000 0.000 0.000 0.000 0.000
  23.8   449   8.009 1.500 0     32    0.000 0.000 0.000 0.000 0.000 0.000
  24.0   449   8.009 1.500 0     32    0.000 0.000 0.000 0.000 0.000 0.000
  24.2   449   8.009 1.500 0     32    0.000 0.000 0.000 0.000 0.000 0.000
  24.3   449   8.009 1.500 0     32    0.000 0.000 0.000 0.000 0.000 0.000
  24.5   449   8.009 1.500 0     32    0.000 0.000 0.000 0.000 0.000 0.000
  24.6   449   8.009 1.500 0     32    0.000 0.000 0.000 0.000 0.000 0.000
  24.8   449   8.009 1.500 0     32    0.000 0.000 0.000 0.000 0.000 0.000
  25.0   449   8.009 1.500 0     32    0.000 0.000 0.000 0.000 0.000 0.000
  25.1   449   8.009 1.500 0     32    0.000 0.000 0.000 0.000 0.000 0.000
  25.3   449   8.009 1.500 0     32    0.000 0.000 0.000 0.000 0.000 0.000
  25.4   449   8.009 1.500 0     32    0.000 0.000 0.000 0.000 0.000 0.000
  25.6   449   8.009 1.500 0     32    0.000 0.000 0.000 0.000 0.000 0.000
  25.8   450   8.010 1.500 0     32    0.000 0.000 0.000 0.000 0.000 0.000
  25.9   450   8.010 1.500 0     32    0.000 0.000 0.000 0.000 0.000 0.000
  26.1   450   8.010 1.500 0     32    0.000 0.000 0.000 0.000 0.000 0.000
  26.3   450   8.010 1.500 0     32    0.000 0.000 0.000 0.000 0.000 0.000
  26.4   450   8.010 1.500 0     32    0.000 0.000 0.000 0.000 0.000 0.000
  26.6   450   8.010 1.500 0     32    0.000 0.000 0.000 0.000 0.000 0.000
  26.8   450   8.010 1.500 0     32    0.000 0.000 0.000 0.000 0.000 0.000
  27.0   450   8.010 1.500 0     32    0.000 0.000 0.000 0.000 0.000 0.000
  27.1   450   8.010 1.500 0     32    0.000 0.000 0.000 0.000 0.000 0.000
  27.3   450   8.010 1.500 0     32    0.000 0.000 0.000 0.000 0.000 0.000
  27.5   450   8.010 1.500 0     32    0.000 0.000 0.000 0.000 0.000 0.000
  27.6   450   8.010 1.500 0     32    0.000 0.000 0.000 0.000 0.000 0.000
  27.8   451   8.010 1.499 0     32    0.000 0.000 0.000 0.000 0.000 0.000
  28.0   451   8.010 1.499 0     32    0.000 0.000 0.000 0.000 0.000 0.000
  28.1   451   8.010 1.499 0     32    0.000 0.000 0.000 0.000 0.000 0.000
  28.3   451   8.010 1.499 0     32    0.000 0.000 0.000 0.000 0.000 0.000
  28.5   451   8.010 1.499 0     32    0.000 0.000 0.000 0.000 0.000 0.000
  28.6   451   8.010 1.499 0     32    0.000 0.000 0.000 0.000 0.000 0.000
  28.8   451   8.010 1.498 0     32    0.000 0.000 0.000 0.000 0.000 0.000
  28.9   451   8.010 1.498 0     32    0.000 0.000 0.000 0.000 0.000 0.000
